Сборка начата 23.03.2024 12:22:21.
Уровень детализации журнала: Normal.     1>Проект "C:\лабы\Шиман\Алгоритмы и структуры данных\4\osn4\osn4\osn4.vcxproj" в узле 2 (целевые объекты Build).
     1>InitializeBuildStatus:
         Создание "x64\Debug\osn4.tlog\unsuccessfulbuild", так как было задано "AlwaysCreate".
         Обращение к "x64\Debug\osn4.tlog\unsuccessfulbuild".
       ClCompile:
         C:\Program Files\Microsoft Visual Studio\2022\Community\VC\Tools\MSVC\14.37.32822\bin\HostX64\x64\CL.exe /c /ZI /JMC /nologo /W3 /WX- /diagnostics:column /sdl /Od /D _DEBUG /D _CONSOLE /D _UNICODE /D UNICODE /Gm- /EHsc /RTC1 /MDd /GS /fp:precise /Zc:wchar_t /Zc:forScope /Zc:inline /permissive- /Fo"x64\Debug\\" /Fd"x64\Debug\vc143.pdb" /external:W3 /Gd /TP /FC /errorReport:prompt firsttask.cpp
         firsttask.cpp
     1>C:\лабы\Шиман\Алгоритмы и структуры данных\4\osn4\osn4\firsttask.cpp(16,12): warning C4244: аргумент: преобразование "time_t" в "unsigned int", возможна потеря данных
       Link:
         C:\Program Files\Microsoft Visual Studio\2022\Community\VC\Tools\MSVC\14.37.32822\bin\HostX64\x64\link.exe /ERRORREPORT:PROMPT /OUT:"C:\лабы\Шиман\Алгоритмы и структуры данных\4\osn4\x64\Debug\osn4.exe" /INCREMENTAL /ILK:"x64\Debug\osn4.ilk" /NOLOGO kernel32.lib user32.lib gdi32.lib winspool.lib comdlg32.lib advapi32.lib shell32.lib ole32.lib oleaut32.lib uuid.lib odbc32.lib odbccp32.lib /MANIFEST /MANIFESTUAC:"level='asInvoker' uiAccess='false'" /manifest:embed /DEBUG /PDB:"C:\лабы\Шиман\Алгоритмы и структуры данных\4\osn4\x64\Debug\osn4.pdb" /SUBSYSTEM:CONSOLE /TLBID:1 /DYNAMICBASE /NXCOMPAT /IMPLIB:"C:\лабы\Шиман\Алгоритмы и структуры данных\4\osn4\x64\Debug\osn4.lib" /MACHINE:X64 x64\Debug\firsttask.obj
         osn4.vcxproj -> C:\лабы\Шиман\Алгоритмы и структуры данных\4\osn4\x64\Debug\osn4.exe
       FinalizeBuildStatus:
         Файл "x64\Debug\osn4.tlog\unsuccessfulbuild" удаляется.
         Обращение к "x64\Debug\osn4.tlog\osn4.lastbuildstate".
     1>Сборка проекта "C:\лабы\Шиман\Алгоритмы и структуры данных\4\osn4\osn4\osn4.vcxproj" завершена (целевые объекты Build).

Сборка успешно завершена.

       "C:\лабы\Шиман\Алгоритмы и структуры данных\4\osn4\osn4\osn4.vcxproj" (целевой объект Build ) (1) ->
       (Целевой объект ClCompile) -> 
         C:\лабы\Шиман\Алгоритмы и структуры данных\4\osn4\osn4\firsttask.cpp(16,12): warning C4244: аргумент: преобразование "time_t" в "unsigned int", возможна потеря данных

    Предупреждений: 1
    Ошибок: 0

Прошло времени 00:00:01.88
