Сборка начата 23.03.2024 12:13:40.
Уровень детализации журнала: Normal.     1>Проект "C:\лабы\Шиман\Алгоритмы и структуры данных\3\sort\sort\sort.vcxproj" в узле 2 (целевые объекты Build).
     1>InitializeBuildStatus:
         Создание "x64\Debug\sort.tlog\unsuccessfulbuild", так как было задано "AlwaysCreate".
         Обращение к "x64\Debug\sort.tlog\unsuccessfulbuild".
       ClCompile:
         C:\Program Files\Microsoft Visual Studio\2022\Community\VC\Tools\MSVC\14.37.32822\bin\HostX64\x64\CL.exe /c /ZI /JMC /nologo /W3 /WX- /diagnostics:column /sdl /Od /D _DEBUG /D _CONSOLE /D _UNICODE /D UNICODE /Gm- /EHsc /RTC1 /MDd /GS /fp:precise /Zc:wchar_t /Zc:forScope /Zc:inline /permissive- /Fo"x64\Debug\\" /Fd"x64\Debug\vc143.pdb" /external:W3 /Gd /TP /FC /errorReport:prompt main.cpp
         main.cpp
     1>C:\лабы\Шиман\Алгоритмы и структуры данных\3\sort\sort\main.cpp(45,12): warning C4244: аргумент: преобразование "time_t" в "unsigned int", возможна потеря данных
     1>C:\лабы\Шиман\Алгоритмы и структуры данных\3\sort\sort\main.cpp(106,7): warning C4101: min: неиспользованная локальная переменная
       Link:
         C:\Program Files\Microsoft Visual Studio\2022\Community\VC\Tools\MSVC\14.37.32822\bin\HostX64\x64\link.exe /ERRORREPORT:PROMPT /OUT:"C:\лабы\Шиман\Алгоритмы и структуры данных\3\sort\x64\Debug\sort.exe" /INCREMENTAL /ILK:"x64\Debug\sort.ilk" /NOLOGO kernel32.lib user32.lib gdi32.lib winspool.lib comdlg32.lib advapi32.lib shell32.lib ole32.lib oleaut32.lib uuid.lib odbc32.lib odbccp32.lib /MANIFEST /MANIFESTUAC:"level='asInvoker' uiAccess='false'" /manifest:embed /DEBUG /PDB:"C:\лабы\Шиман\Алгоритмы и структуры данных\3\sort\x64\Debug\sort.pdb" /SUBSYSTEM:CONSOLE /TLBID:1 /DYNAMICBASE /NXCOMPAT /IMPLIB:"C:\лабы\Шиман\Алгоритмы и структуры данных\3\sort\x64\Debug\sort.lib" /MACHINE:X64 x64\Debug\main.obj
         sort.vcxproj -> C:\лабы\Шиман\Алгоритмы и структуры данных\3\sort\x64\Debug\sort.exe
       FinalizeBuildStatus:
         Файл "x64\Debug\sort.tlog\unsuccessfulbuild" удаляется.
         Обращение к "x64\Debug\sort.tlog\sort.lastbuildstate".
     1>Сборка проекта "C:\лабы\Шиман\Алгоритмы и структуры данных\3\sort\sort\sort.vcxproj" завершена (целевые объекты Build).

Сборка успешно завершена.

       "C:\лабы\Шиман\Алгоритмы и структуры данных\3\sort\sort\sort.vcxproj" (целевой объект Build ) (1) ->
       (Целевой объект ClCompile) -> 
         C:\лабы\Шиман\Алгоритмы и структуры данных\3\sort\sort\main.cpp(45,12): warning C4244: аргумент: преобразование "time_t" в "unsigned int", возможна потеря данных
         C:\лабы\Шиман\Алгоритмы и структуры данных\3\sort\sort\main.cpp(106,7): warning C4101: min: неиспользованная локальная переменная

    Предупреждений: 2
    Ошибок: 0

Прошло времени 00:00:02.08
